2024-02-25 22:37:49.138 [main] StoreTests - ***********user is created*************
2024-02-25 22:37:55.175 [main] StoreTests - ***********reading user info*************
2024-02-25 22:37:59.969 [main] StoreTests - ***********updating user*************
2024-02-25 22:38:06.991 [main] StoreTests - ***********deleting user*************
2024-02-26 23:05:13.106 [main] StoreTests - ***********user is created*************
2024-02-26 23:05:15.076 [main] StoreTests - ***********reading user info*************
2024-02-26 23:05:16.622 [main] StoreTests - ***********updating user*************
2024-02-26 23:05:18.208 [main] StoreTests - ***********deleting user*************
2024-02-27 22:19:36.569 [main] PackageRelationshipCollection - Parsing relationship: /xl/_rels/workbook.xml.rels
2024-02-27 22:19:36.574 [main] PackageRelationshipCollection - Parsing relationship: /xl/worksheets/_rels/sheet1.xml.rels
2024-02-27 22:19:36.575 [main] PackageRelationshipCollection - Parsing relationship: /_rels/.rels
2024-02-27 22:19:37.077 [main] POIXMLFactory - using default POIXMLDocumentPart for http://schemas.openxmlformats.org/officeDocument/2006/relationships/printerSettings
2024-02-27 22:19:37.164 [main] PackageRelationshipCollection - Parsing relationship: /xl/_rels/workbook.xml.rels
2024-02-27 22:19:37.165 [main] PackageRelationshipCollection - Parsing relationship: /xl/worksheets/_rels/sheet1.xml.rels
2024-02-27 22:19:37.166 [main] PackageRelationshipCollection - Parsing relationship: /_rels/.rels
2024-02-27 22:19:37.183 [main] POIXMLFactory - using default POIXMLDocumentPart for http://schemas.openxmlformats.org/officeDocument/2006/relationships/printerSettings
2024-02-27 22:19:37.200 [main] PackageRelationshipCollection - Parsing relationship: /xl/_rels/workbook.xml.rels
2024-02-27 22:19:37.201 [main] PackageRelationshipCollection - Parsing relationship: /xl/worksheets/_rels/sheet1.xml.rels
2024-02-27 22:19:37.201 [main] PackageRelationshipCollection - Parsing relationship: /_rels/.rels
2024-02-27 22:19:37.213 [main] POIXMLFactory - using default POIXMLDocumentPart for http://schemas.openxmlformats.org/officeDocument/2006/relationships/printerSettings
2024-02-27 22:19:37.259 [main] PackageRelationshipCollection - Parsing relationship: /xl/_rels/workbook.xml.rels
2024-02-27 22:19:37.261 [main] PackageRelationshipCollection - Parsing relationship: /xl/worksheets/_rels/sheet1.xml.rels
2024-02-27 22:19:37.262 [main] PackageRelationshipCollection - Parsing relationship: /_rels/.rels
2024-02-27 22:19:37.273 [main] POIXMLFactory - using default POIXMLDocumentPart for http://schemas.openxmlformats.org/officeDocument/2006/relationships/printerSettings
2024-02-27 22:19:37.285 [main] PackageRelationshipCollection - Parsing relationship: /xl/_rels/workbook.xml.rels
2024-02-27 22:19:37.286 [main] PackageRelationshipCollection - Parsing relationship: /xl/worksheets/_rels/sheet1.xml.rels
2024-02-27 22:19:37.287 [main] PackageRelationshipCollection - Parsing relationship: /_rels/.rels
2024-02-27 22:19:37.297 [main] POIXMLFactory - using default POIXMLDocumentPart for http://schemas.openxmlformats.org/officeDocument/2006/relationships/printerSettings
2024-02-27 22:19:37.308 [main] PackageRelationshipCollection - Parsing relationship: /xl/_rels/workbook.xml.rels
2024-02-27 22:19:37.309 [main] PackageRelationshipCollection - Parsing relationship: /xl/worksheets/_rels/sheet1.xml.rels
2024-02-27 22:19:37.310 [main] PackageRelationshipCollection - Parsing relationship: /_rels/.rels
2024-02-27 22:19:37.318 [main] POIXMLFactory - using default POIXMLDocumentPart for http://schemas.openxmlformats.org/officeDocument/2006/relationships/printerSettings
2024-02-27 22:19:37.332 [main] PackageRelationshipCollection - Parsing relationship: /xl/_rels/workbook.xml.rels
2024-02-27 22:19:37.333 [main] PackageRelationshipCollection - Parsing relationship: /xl/worksheets/_rels/sheet1.xml.rels
2024-02-27 22:19:37.334 [main] PackageRelationshipCollection - Parsing relationship: /_rels/.rels
2024-02-27 22:19:37.344 [main] POIXMLFactory - using default POIXMLDocumentPart for http://schemas.openxmlformats.org/officeDocument/2006/relationships/printerSettings
2024-02-27 22:19:37.355 [main] PackageRelationshipCollection - Parsing relationship: /xl/_rels/workbook.xml.rels
2024-02-27 22:19:37.356 [main] PackageRelationshipCollection - Parsing relationship: /xl/worksheets/_rels/sheet1.xml.rels
2024-02-27 22:19:37.356 [main] PackageRelationshipCollection - Parsing relationship: /_rels/.rels
2024-02-27 22:19:37.364 [main] POIXMLFactory - using default POIXMLDocumentPart for http://schemas.openxmlformats.org/officeDocument/2006/relationships/printerSettings
2024-02-27 22:19:37.375 [main] PackageRelationshipCollection - Parsing relationship: /xl/_rels/workbook.xml.rels
2024-02-27 22:19:37.376 [main] PackageRelationshipCollection - Parsing relationship: /xl/worksheets/_rels/sheet1.xml.rels
2024-02-27 22:19:37.376 [main] PackageRelationshipCollection - Parsing relationship: /_rels/.rels
2024-02-27 22:19:37.388 [main] POIXMLFactory - using default POIXMLDocumentPart for http://schemas.openxmlformats.org/officeDocument/2006/relationships/printerSettings
2024-02-27 22:19:37.399 [main] PackageRelationshipCollection - Parsing relationship: /xl/_rels/workbook.xml.rels
2024-02-27 22:19:37.399 [main] PackageRelationshipCollection - Parsing relationship: /xl/worksheets/_rels/sheet1.xml.rels
2024-02-27 22:19:37.400 [main] PackageRelationshipCollection - Parsing relationship: /_rels/.rels
2024-02-27 22:19:37.408 [main] POIXMLFactory - using default POIXMLDocumentPart for http://schemas.openxmlformats.org/officeDocument/2006/relationships/printerSettings
2024-02-27 22:19:37.421 [main] PackageRelationshipCollection - Parsing relationship: /xl/_rels/workbook.xml.rels
2024-02-27 22:19:37.423 [main] PackageRelationshipCollection - Parsing relationship: /xl/worksheets/_rels/sheet1.xml.rels
2024-02-27 22:19:37.423 [main] PackageRelationshipCollection - Parsing relationship: /_rels/.rels
2024-02-27 22:19:37.432 [main] POIXMLFactory - using default POIXMLDocumentPart for http://schemas.openxmlformats.org/officeDocument/2006/relationships/printerSettings
2024-02-27 22:19:37.444 [main] PackageRelationshipCollection - Parsing relationship: /xl/_rels/workbook.xml.rels
2024-02-27 22:19:37.445 [main] PackageRelationshipCollection - Parsing relationship: /xl/worksheets/_rels/sheet1.xml.rels
2024-02-27 22:19:37.445 [main] PackageRelationshipCollection - Parsing relationship: /_rels/.rels
2024-02-27 22:19:37.454 [main] POIXMLFactory - using default POIXMLDocumentPart for http://schemas.openxmlformats.org/officeDocument/2006/relationships/printerSettings
2024-02-27 22:19:37.463 [main] PackageRelationshipCollection - Parsing relationship: /xl/_rels/workbook.xml.rels
2024-02-27 22:19:37.464 [main] PackageRelationshipCollection - Parsing relationship: /xl/worksheets/_rels/sheet1.xml.rels
2024-02-27 22:19:37.465 [main] PackageRelationshipCollection - Parsing relationship: /_rels/.rels
2024-02-27 22:19:37.474 [main] POIXMLFactory - using default POIXMLDocumentPart for http://schemas.openxmlformats.org/officeDocument/2006/relationships/printerSettings
2024-02-27 22:19:37.483 [main] PackageRelationshipCollection - Parsing relationship: /xl/_rels/workbook.xml.rels
2024-02-27 22:19:37.484 [main] PackageRelationshipCollection - Parsing relationship: /xl/worksheets/_rels/sheet1.xml.rels
2024-02-27 22:19:37.485 [main] PackageRelationshipCollection - Parsing relationship: /_rels/.rels
2024-02-27 22:19:37.494 [main] POIXMLFactory - using default POIXMLDocumentPart for http://schemas.openxmlformats.org/officeDocument/2006/relationships/printerSettings
2024-02-27 22:19:37.507 [main] PackageRelationshipCollection - Parsing relationship: /xl/_rels/workbook.xml.rels
2024-02-27 22:19:37.508 [main] PackageRelationshipCollection - Parsing relationship: /xl/worksheets/_rels/sheet1.xml.rels
2024-02-27 22:19:37.508 [main] PackageRelationshipCollection - Parsing relationship: /_rels/.rels
2024-02-27 22:19:37.517 [main] POIXMLFactory - using default POIXMLDocumentPart for http://schemas.openxmlformats.org/officeDocument/2006/relationships/printerSettings
2024-02-27 22:19:37.527 [main] PackageRelationshipCollection - Parsing relationship: /xl/_rels/workbook.xml.rels
2024-02-27 22:19:37.528 [main] PackageRelationshipCollection - Parsing relationship: /xl/worksheets/_rels/sheet1.xml.rels
2024-02-27 22:19:37.529 [main] PackageRelationshipCollection - Parsing relationship: /_rels/.rels
2024-02-27 22:19:37.540 [main] POIXMLFactory - using default POIXMLDocumentPart for http://schemas.openxmlformats.org/officeDocument/2006/relationships/printerSettings
2024-02-27 22:19:37.553 [main] PackageRelationshipCollection - Parsing relationship: /xl/_rels/workbook.xml.rels
2024-02-27 22:19:37.554 [main] PackageRelationshipCollection - Parsing relationship: /xl/worksheets/_rels/sheet1.xml.rels
2024-02-27 22:19:37.555 [main] PackageRelationshipCollection - Parsing relationship: /_rels/.rels
2024-02-27 22:19:37.562 [main] POIXMLFactory - using default POIXMLDocumentPart for http://schemas.openxmlformats.org/officeDocument/2006/relationships/printerSettings
2024-02-27 22:19:37.574 [main] PackageRelationshipCollection - Parsing relationship: /xl/_rels/workbook.xml.rels
2024-02-27 22:19:37.575 [main] PackageRelationshipCollection - Parsing relationship: /xl/worksheets/_rels/sheet1.xml.rels
2024-02-27 22:19:37.575 [main] PackageRelationshipCollection - Parsing relationship: /_rels/.rels
2024-02-27 22:19:37.581 [main] POIXMLFactory - using default POIXMLDocumentPart for http://schemas.openxmlformats.org/officeDocument/2006/relationships/printerSettings
2024-02-27 22:19:37.590 [main] PackageRelationshipCollection - Parsing relationship: /xl/_rels/workbook.xml.rels
2024-02-27 22:19:37.591 [main] PackageRelationshipCollection - Parsing relationship: /xl/worksheets/_rels/sheet1.xml.rels
2024-02-27 22:19:37.591 [main] PackageRelationshipCollection - Parsing relationship: /_rels/.rels
2024-02-27 22:19:37.598 [main] POIXMLFactory - using default POIXMLDocumentPart for http://schemas.openxmlformats.org/officeDocument/2006/relationships/printerSettings
2024-02-27 22:19:37.608 [main] PackageRelationshipCollection - Parsing relationship: /xl/_rels/workbook.xml.rels
2024-02-27 22:19:37.609 [main] PackageRelationshipCollection - Parsing relationship: /xl/worksheets/_rels/sheet1.xml.rels
2024-02-27 22:19:37.610 [main] PackageRelationshipCollection - Parsing relationship: /_rels/.rels
2024-02-27 22:19:37.617 [main] POIXMLFactory - using default POIXMLDocumentPart for http://schemas.openxmlformats.org/officeDocument/2006/relationships/printerSettings
2024-02-27 22:19:45.853 [main] StoreTests - ***********user is created*************
2024-02-27 22:19:47.660 [main] StoreTests - ***********reading user info*************
2024-02-27 22:19:49.848 [main] StoreTests - ***********updating user*************
2024-02-27 22:19:51.942 [main] StoreTests - ***********deleting user*************
2024-02-27 22:25:05.143 [main] PackageRelationshipCollection - Parsing relationship: /xl/_rels/workbook.xml.rels
2024-02-27 22:25:05.150 [main] PackageRelationshipCollection - Parsing relationship: /xl/worksheets/_rels/sheet1.xml.rels
2024-02-27 22:25:05.151 [main] PackageRelationshipCollection - Parsing relationship: /_rels/.rels
2024-02-27 22:25:05.663 [main] POIXMLFactory - using default POIXMLDocumentPart for http://schemas.openxmlformats.org/officeDocument/2006/relationships/printerSettings
2024-02-27 22:25:05.743 [main] PackageRelationshipCollection - Parsing relationship: /xl/_rels/workbook.xml.rels
2024-02-27 22:25:05.744 [main] PackageRelationshipCollection - Parsing relationship: /xl/worksheets/_rels/sheet1.xml.rels
2024-02-27 22:25:05.746 [main] PackageRelationshipCollection - Parsing relationship: /_rels/.rels
2024-02-27 22:25:05.761 [main] POIXMLFactory - using default POIXMLDocumentPart for http://schemas.openxmlformats.org/officeDocument/2006/relationships/printerSettings
2024-02-27 22:25:05.777 [main] PackageRelationshipCollection - Parsing relationship: /xl/_rels/workbook.xml.rels
2024-02-27 22:25:05.778 [main] PackageRelationshipCollection - Parsing relationship: /xl/worksheets/_rels/sheet1.xml.rels
2024-02-27 22:25:05.779 [main] PackageRelationshipCollection - Parsing relationship: /_rels/.rels
2024-02-27 22:25:05.791 [main] POIXMLFactory - using default POIXMLDocumentPart for http://schemas.openxmlformats.org/officeDocument/2006/relationships/printerSettings
2024-02-27 22:25:05.837 [main] PackageRelationshipCollection - Parsing relationship: /xl/_rels/workbook.xml.rels
2024-02-27 22:25:05.839 [main] PackageRelationshipCollection - Parsing relationship: /xl/worksheets/_rels/sheet1.xml.rels
2024-02-27 22:25:05.840 [main] PackageRelationshipCollection - Parsing relationship: /_rels/.rels
2024-02-27 22:25:05.851 [main] POIXMLFactory - using default POIXMLDocumentPart for http://schemas.openxmlformats.org/officeDocument/2006/relationships/printerSettings
2024-02-27 22:25:05.866 [main] PackageRelationshipCollection - Parsing relationship: /xl/_rels/workbook.xml.rels
2024-02-27 22:25:05.868 [main] PackageRelationshipCollection - Parsing relationship: /xl/worksheets/_rels/sheet1.xml.rels
2024-02-27 22:25:05.869 [main] PackageRelationshipCollection - Parsing relationship: /_rels/.rels
2024-02-27 22:25:05.880 [main] POIXMLFactory - using default POIXMLDocumentPart for http://schemas.openxmlformats.org/officeDocument/2006/relationships/printerSettings
2024-02-27 22:25:05.893 [main] PackageRelationshipCollection - Parsing relationship: /xl/_rels/workbook.xml.rels
2024-02-27 22:25:05.894 [main] PackageRelationshipCollection - Parsing relationship: /xl/worksheets/_rels/sheet1.xml.rels
2024-02-27 22:25:05.895 [main] PackageRelationshipCollection - Parsing relationship: /_rels/.rels
2024-02-27 22:25:05.905 [main] POIXMLFactory - using default POIXMLDocumentPart for http://schemas.openxmlformats.org/officeDocument/2006/relationships/printerSettings
2024-02-27 22:25:05.923 [main] PackageRelationshipCollection - Parsing relationship: /xl/_rels/workbook.xml.rels
2024-02-27 22:25:05.924 [main] PackageRelationshipCollection - Parsing relationship: /xl/worksheets/_rels/sheet1.xml.rels
2024-02-27 22:25:05.924 [main] PackageRelationshipCollection - Parsing relationship: /_rels/.rels
2024-02-27 22:25:05.934 [main] POIXMLFactory - using default POIXMLDocumentPart for http://schemas.openxmlformats.org/officeDocument/2006/relationships/printerSettings
2024-02-27 22:25:05.945 [main] PackageRelationshipCollection - Parsing relationship: /xl/_rels/workbook.xml.rels
2024-02-27 22:25:05.946 [main] PackageRelationshipCollection - Parsing relationship: /xl/worksheets/_rels/sheet1.xml.rels
2024-02-27 22:25:05.947 [main] PackageRelationshipCollection - Parsing relationship: /_rels/.rels
2024-02-27 22:25:05.960 [main] POIXMLFactory - using default POIXMLDocumentPart for http://schemas.openxmlformats.org/officeDocument/2006/relationships/printerSettings
2024-02-27 22:25:05.972 [main] PackageRelationshipCollection - Parsing relationship: /xl/_rels/workbook.xml.rels
2024-02-27 22:25:05.973 [main] PackageRelationshipCollection - Parsing relationship: /xl/worksheets/_rels/sheet1.xml.rels
2024-02-27 22:25:05.974 [main] PackageRelationshipCollection - Parsing relationship: /_rels/.rels
2024-02-27 22:25:05.982 [main] POIXMLFactory - using default POIXMLDocumentPart for http://schemas.openxmlformats.org/officeDocument/2006/relationships/printerSettings
2024-02-27 22:25:05.995 [main] PackageRelationshipCollection - Parsing relationship: /xl/_rels/workbook.xml.rels
2024-02-27 22:25:05.996 [main] PackageRelationshipCollection - Parsing relationship: /xl/worksheets/_rels/sheet1.xml.rels
2024-02-27 22:25:05.996 [main] PackageRelationshipCollection - Parsing relationship: /_rels/.rels
2024-02-27 22:25:06.004 [main] POIXMLFactory - using default POIXMLDocumentPart for http://schemas.openxmlformats.org/officeDocument/2006/relationships/printerSettings
2024-02-27 22:25:06.015 [main] PackageRelationshipCollection - Parsing relationship: /xl/_rels/workbook.xml.rels
2024-02-27 22:25:06.015 [main] PackageRelationshipCollection - Parsing relationship: /xl/worksheets/_rels/sheet1.xml.rels
2024-02-27 22:25:06.016 [main] PackageRelationshipCollection - Parsing relationship: /_rels/.rels
2024-02-27 22:25:06.025 [main] POIXMLFactory - using default POIXMLDocumentPart for http://schemas.openxmlformats.org/officeDocument/2006/relationships/printerSettings
2024-02-27 22:25:06.035 [main] PackageRelationshipCollection - Parsing relationship: /xl/_rels/workbook.xml.rels
2024-02-27 22:25:06.036 [main] PackageRelationshipCollection - Parsing relationship: /xl/worksheets/_rels/sheet1.xml.rels
2024-02-27 22:25:06.037 [main] PackageRelationshipCollection - Parsing relationship: /_rels/.rels
2024-02-27 22:25:06.045 [main] POIXMLFactory - using default POIXMLDocumentPart for http://schemas.openxmlformats.org/officeDocument/2006/relationships/printerSettings
2024-02-27 22:25:06.058 [main] PackageRelationshipCollection - Parsing relationship: /xl/_rels/workbook.xml.rels
2024-02-27 22:25:06.059 [main] PackageRelationshipCollection - Parsing relationship: /xl/worksheets/_rels/sheet1.xml.rels
2024-02-27 22:25:06.059 [main] PackageRelationshipCollection - Parsing relationship: /_rels/.rels
2024-02-27 22:25:06.069 [main] POIXMLFactory - using default POIXMLDocumentPart for http://schemas.openxmlformats.org/officeDocument/2006/relationships/printerSettings
2024-02-27 22:25:06.079 [main] PackageRelationshipCollection - Parsing relationship: /xl/_rels/workbook.xml.rels
2024-02-27 22:25:06.080 [main] PackageRelationshipCollection - Parsing relationship: /xl/worksheets/_rels/sheet1.xml.rels
2024-02-27 22:25:06.081 [main] PackageRelationshipCollection - Parsing relationship: /_rels/.rels
2024-02-27 22:25:06.094 [main] POIXMLFactory - using default POIXMLDocumentPart for http://schemas.openxmlformats.org/officeDocument/2006/relationships/printerSettings
2024-02-27 22:25:06.107 [main] PackageRelationshipCollection - Parsing relationship: /xl/_rels/workbook.xml.rels
2024-02-27 22:25:06.108 [main] PackageRelationshipCollection - Parsing relationship: /xl/worksheets/_rels/sheet1.xml.rels
2024-02-27 22:25:06.109 [main] PackageRelationshipCollection - Parsing relationship: /_rels/.rels
2024-02-27 22:25:06.116 [main] POIXMLFactory - using default POIXMLDocumentPart for http://schemas.openxmlformats.org/officeDocument/2006/relationships/printerSettings
2024-02-27 22:25:06.125 [main] PackageRelationshipCollection - Parsing relationship: /xl/_rels/workbook.xml.rels
2024-02-27 22:25:06.126 [main] PackageRelationshipCollection - Parsing relationship: /xl/worksheets/_rels/sheet1.xml.rels
2024-02-27 22:25:06.126 [main] PackageRelationshipCollection - Parsing relationship: /_rels/.rels
2024-02-27 22:25:06.138 [main] POIXMLFactory - using default POIXMLDocumentPart for http://schemas.openxmlformats.org/officeDocument/2006/relationships/printerSettings
2024-02-27 22:25:06.150 [main] PackageRelationshipCollection - Parsing relationship: /xl/_rels/workbook.xml.rels
2024-02-27 22:25:06.151 [main] PackageRelationshipCollection - Parsing relationship: /xl/worksheets/_rels/sheet1.xml.rels
2024-02-27 22:25:06.152 [main] PackageRelationshipCollection - Parsing relationship: /_rels/.rels
2024-02-27 22:25:06.158 [main] POIXMLFactory - using default POIXMLDocumentPart for http://schemas.openxmlformats.org/officeDocument/2006/relationships/printerSettings
2024-02-27 22:25:06.168 [main] PackageRelationshipCollection - Parsing relationship: /xl/_rels/workbook.xml.rels
2024-02-27 22:25:06.168 [main] PackageRelationshipCollection - Parsing relationship: /xl/worksheets/_rels/sheet1.xml.rels
2024-02-27 22:25:06.169 [main] PackageRelationshipCollection - Parsing relationship: /_rels/.rels
2024-02-27 22:25:06.176 [main] POIXMLFactory - using default POIXMLDocumentPart for http://schemas.openxmlformats.org/officeDocument/2006/relationships/printerSettings
2024-02-27 22:25:06.186 [main] PackageRelationshipCollection - Parsing relationship: /xl/_rels/workbook.xml.rels
2024-02-27 22:25:06.187 [main] PackageRelationshipCollection - Parsing relationship: /xl/worksheets/_rels/sheet1.xml.rels
2024-02-27 22:25:06.188 [main] PackageRelationshipCollection - Parsing relationship: /_rels/.rels
2024-02-27 22:25:06.196 [main] POIXMLFactory - using default POIXMLDocumentPart for http://schemas.openxmlformats.org/officeDocument/2006/relationships/printerSettings
2024-02-27 22:25:06.204 [main] PackageRelationshipCollection - Parsing relationship: /xl/_rels/workbook.xml.rels
2024-02-27 22:25:06.205 [main] PackageRelationshipCollection - Parsing relationship: /xl/worksheets/_rels/sheet1.xml.rels
2024-02-27 22:25:06.205 [main] PackageRelationshipCollection - Parsing relationship: /_rels/.rels
2024-02-27 22:25:06.213 [main] POIXMLFactory - using default POIXMLDocumentPart for http://schemas.openxmlformats.org/officeDocument/2006/relationships/printerSettings
2024-02-27 22:25:15.786 [main] StoreTests - ***********user is created*************
2024-02-27 22:25:17.779 [main] StoreTests - ***********reading user info*************
2024-02-27 22:25:19.474 [main] StoreTests - ***********updating user*************
2024-02-27 22:25:21.037 [main] StoreTests - ***********deleting user*************
2024-02-27 22:27:15.974 [main] StoreTests - ***********user is created*************
2024-02-27 22:27:17.817 [main] StoreTests - ***********reading user info*************
2024-02-27 22:27:19.896 [main] StoreTests - ***********updating user*************
2024-02-27 22:27:21.481 [main] StoreTests - ***********deleting user*************
2024-02-27 22:37:44.188 [main] StoreTests - ***********user is created*************
2024-02-27 22:37:45.936 [main] StoreTests - ***********reading user info*************
2024-02-27 22:37:48.120 [main] StoreTests - ***********updating user*************
2024-02-27 22:37:49.704 [main] StoreTests - ***********deleting user*************
2024-02-27 22:42:38.294 [main] StoreTests - ***********user is created*************
2024-02-27 22:42:40.667 [main] StoreTests - ***********reading user info*************
2024-02-27 22:42:42.420 [main] StoreTests - ***********updating user*************
2024-02-27 22:42:44.010 [main] StoreTests - ***********deleting user*************
2024-03-02 15:56:34.481 [main] StoreTests - ***********user is created*************
2024-03-02 15:56:36.657 [main] StoreTests - ***********reading user info*************
2024-03-02 15:56:38.730 [main] StoreTests - ***********updating user*************
2024-03-02 15:56:40.392 [main] StoreTests - ***********deleting user*************
2024-03-02 15:59:13.117 [main] StoreTests - ***********user is created*************
2024-03-02 15:59:15.189 [main] StoreTests - ***********reading user info*************
2024-03-02 15:59:17.040 [main] StoreTests - ***********updating user*************
2024-03-02 15:59:19.030 [main] StoreTests - ***********deleting user*************
2024-03-02 16:26:25.789 [main] StoreTests - ***********user is created*************
2024-03-02 16:26:27.924 [main] StoreTests - ***********reading user info*************
2024-03-02 16:26:30.120 [main] StoreTests - ***********updating user*************
2024-03-02 16:26:32.214 [main] StoreTests - ***********deleting user*************
2024-03-02 16:26:46.472 [main] StoreTests - ***********user is created*************
2024-03-02 16:26:48.851 [main] StoreTests - ***********reading user info*************
2024-03-02 16:26:51.010 [main] StoreTests - ***********updating user*************
2024-03-02 16:26:53.104 [main] StoreTests - ***********deleting user*************
